build/app/outputs/mapping/release/mapping.txt
# compiler: R8
# compiler_version: 1.5.64
# min_api: 21
# pg_map_id: e537e8f
...
androidx.appcompat.widget.ActionMenuPresenter$ActionMenuPopupCallback -> androidx.appcompat.widget.c$b:
    androidx.appcompat.widget.ActionMenuPresenter this$0 -> a
    androidx.appcompat.view.menu.ShowableListMenu getPopup() -> a
androidx.appcompat.widget.ActionMenuPresenter$OpenOverflowRunnable -> androidx.appcompat.widget.c$c:
    androidx.appcompat.widget.ActionMenuPresenter$OverflowPopup mPopup -> b
    androidx.appcompat.widget.ActionMenuPresenter this$0 -> c
androidx.appcompat.widget.ActionMenuPresenter$OverflowMenuButton -> androidx.appcompat.widget.c$d:
    androidx.appcompat.widget.ActionMenuPresenter this$0 -> d
    boolean needsDividerAfter() -> a
    boolean needsDividerBefore() -> b
androidx.appcompat.widget.ActionMenuPresenter$OverflowMenuButton$1 -> androidx.appcompat.widget.c$d$a:
    androidx.appcompat.widget.ActionMenuPresenter$OverflowMenuButton this$1 -> k
    androidx.appcompat.view.menu.ShowableListMenu getPopup() -> a
    boolean onForwardingStarted() -> b
    boolean onForwardingStopped() -> c
androidx.appcompat.widget.ActionMenuPresenter$OverflowPopup -> androidx.appcompat.widget.c$e:
    androidx.appcompat.widget.ActionMenuPresenter this$0 -> m
    void onDismiss() -> d
androidx.appcompat.widget.ActionMenuPresenter$PopupPresenterCallback -> androidx.appcompat.widget.c$f:
    androidx.appcompat.widget.ActionMenuPresenter this$0 -> b
    void onCloseMenu(androidx.appcompat.view.menu.MenuBuilder,boolean) -> a
    boolean onOpenSubMenu(androidx.appcompat.view.menu.MenuBuilder) -> a
androidx.appcompat.widget.ActionMenuView -> androidx.appcompat.widget.ActionMenuView:
    androidx.appcompat.view.menu.MenuBuilder$Callback mMenuBuilderCallback -> w
    android.content.Context mPopupContext -> r
    androidx.appcompat.view.menu.MenuBuilder mMenu -> q
    int mMinCellSize -> z
    androidx.appcompat.widget.ActionMenuPresenter mPresenter -> u
    androidx.appcompat.view.menu.MenuPresenter$Callback mActionMenuPresenterCallback -> v
    int mFormatItemsWidth -> y
    boolean mFormatItems -> x
    androidx.appcompat.widget.ActionMenuView$OnMenuItemClickListener mOnMenuItemClickListener -> B
    int mPopupTheme -> s
    boolean mReserveOverflow -> t
    int mGeneratedItemPadding -> A
    void initialize(androidx.appcompat.view.menu.MenuBuilder) -> a
    boolean invokeItem(androidx.appcompat.view.menu.MenuItemImpl) -> a
    int measureChildForCells(android.view.View,int,int,int,int) -> a
    void setMenuCallbacks(androidx.appcompat.view.menu.MenuPresenter$Callback,androidx.appcompat.view.menu.MenuBuilder$Callback) -> a
    void dismissPopupMenus() -> c
    void onMeasureExactFormat(int,int) -> c
    androidx.appcompat.widget.ActionMenuView$LayoutParams generateOverflowButtonLayoutParams() -> d
    boolean hasSupportDividerBeforeChildAt(int) -> d
    boolean hideOverflowMenu() -> e
    boolean isOverflowMenuShowPending() -> f
    boolean isOverflowMenuShowing() -> g
    boolean isOverflowReserved() -> h
    androidx.appcompat.view.menu.MenuBuilder peekMenu() -> i
androidx.appcompat.widget.ActionMenuView$ActionMenuChildView -> androidx.appcompat.widget.ActionMenuView$a:
    boolean needsDividerAfter() -> a
    boolean needsDividerBefore() -> b
androidx.appcompat.widget.ActionMenuView$ActionMenuPresenterCallback -> androidx.appcompat.widget.ActionMenuView$b:
    void onCloseMenu(androidx.appcompat.view.menu.MenuBuilder,boolean) -> a
    boolean onOpenSubMenu(androidx.appcompat.view.menu.MenuBuilder) -> a
androidx.appcompat.widget.ActionMenuView$LayoutParams -> androidx.appcompat.widget.ActionMenuView$c:
    boolean expandable -> f
    int cellsUsed -> d
    boolean preventEdgeOffset -> g
    int extraPixels -> e
    boolean expanded -> h
    boolean isOverflowButton -> c